<?xml version="1.0" encoding="UTF-8"?>
<testsuite xmlns:xsi="http://www.w3.org/2001/XMLSchema-instance" xsi:noNamespaceSchemaLocation="https://maven.apache.org/surefire/maven-surefire-plugin/xsd/surefire-test-report.xsd" name="TestSuite" time="24.12" tests="5" errors="0" skipped="0" failures="4">
  <properties>
    <property name="java.specification.version" value="17"/>
    <property name="sun.jnu.encoding" value="UTF-8"/>
    <property name="java.class.path" value="/Users/bryanguzman/.m2/repository/org/apache/maven/surefire/surefire-booter/2.22.0/surefire-booter-2.22.0.jar:/Users/bryanguzman/.m2/repository/org/apache/maven/surefire/surefire-api/2.22.0/surefire-api-2.22.0.jar:/Users/bryanguzman/.m2/repository/org/apache/maven/surefire/surefire-logger-api/2.22.0/surefire-logger-api-2.22.0.jar:/Users/bryanguzman/git/Portafolio-Selenium-Project/target/test-classes:/Users/bryanguzman/git/Portafolio-Selenium-Project/target/classes:/Users/bryanguzman/.m2/repository/org/seleniumhq/selenium/selenium-java/4.1.2/selenium-java-4.1.2.jar:/Users/bryanguzman/.m2/repository/org/seleniumhq/selenium/selenium-api/4.1.2/selenium-api-4.1.2.jar:/Users/bryanguzman/.m2/repository/org/seleniumhq/selenium/selenium-chrome-driver/4.1.2/selenium-chrome-driver-4.1.2.jar:/Users/bryanguzman/.m2/repository/com/google/auto/service/auto-service-annotations/1.0.1/auto-service-annotations-1.0.1.jar:/Users/bryanguzman/.m2/repository/com/google/auto/service/auto-service/1.0.1/auto-service-1.0.1.jar:/Users/bryanguzman/.m2/repository/com/google/auto/auto-common/1.2/auto-common-1.2.jar:/Users/bryanguzman/.m2/repository/com/google/guava/guava/31.0.1-jre/guava-31.0.1-jre.jar:/Users/bryanguzman/.m2/repository/com/google/guava/failureaccess/1.0.1/failureaccess-1.0.1.jar:/Users/bryanguzman/.m2/repository/com/google/guava/listenablefuture/9999.0-empty-to-avoid-conflict-with-guava/listenablefuture-9999.0-empty-to-avoid-conflict-with-guava.jar:/Users/bryanguzman/.m2/repository/org/checkerframework/checker-qual/3.12.0/checker-qual-3.12.0.jar:/Users/bryanguzman/.m2/repository/com/google/errorprone/error_prone_annotations/2.7.1/error_prone_annotations-2.7.1.jar:/Users/bryanguzman/.m2/repository/com/google/j2objc/j2objc-annotations/1.3/j2objc-annotations-1.3.jar:/Users/bryanguzman/.m2/repository/org/seleniumhq/selenium/selenium-chromium-driver/4.1.2/selenium-chromium-driver-4.1.2.jar:/Users/bryanguzman/.m2/repository/org/seleniumhq/selenium/selenium-json/4.1.2/selenium-json-4.1.2.jar:/Users/bryanguzman/.m2/repository/org/seleniumhq/selenium/selenium-devtools-v85/4.1.2/selenium-devtools-v85-4.1.2.jar:/Users/bryanguzman/.m2/repository/org/seleniumhq/selenium/selenium-devtools-v95/4.1.2/selenium-devtools-v95-4.1.2.jar:/Users/bryanguzman/.m2/repository/org/seleniumhq/selenium/selenium-devtools-v96/4.1.2/selenium-devtools-v96-4.1.2.jar:/Users/bryanguzman/.m2/repository/org/seleniumhq/selenium/selenium-devtools-v97/4.1.2/selenium-devtools-v97-4.1.2.jar:/Users/bryanguzman/.m2/repository/org/seleniumhq/selenium/selenium-edge-driver/4.1.2/selenium-edge-driver-4.1.2.jar:/Users/bryanguzman/.m2/repository/org/seleniumhq/selenium/selenium-firefox-driver/4.1.2/selenium-firefox-driver-4.1.2.jar:/Users/bryanguzman/.m2/repository/org/seleniumhq/selenium/selenium-firefox-xpi-driver/4.1.2/selenium-firefox-xpi-driver-4.1.2.jar:/Users/bryanguzman/.m2/repository/org/seleniumhq/selenium/selenium-ie-driver/4.1.2/selenium-ie-driver-4.1.2.jar:/Users/bryanguzman/.m2/repository/org/seleniumhq/selenium/selenium-opera-driver/4.1.2/selenium-opera-driver-4.1.2.jar:/Users/bryanguzman/.m2/repository/org/seleniumhq/selenium/selenium-remote-driver/4.1.2/selenium-remote-driver-4.1.2.jar:/Users/bryanguzman/.m2/repository/io/netty/netty-buffer/4.1.73.Final/netty-buffer-4.1.73.Final.jar:/Users/bryanguzman/.m2/repository/io/netty/netty-codec-http/4.1.73.Final/netty-codec-http-4.1.73.Final.jar:/Users/bryanguzman/.m2/repository/io/netty/netty-codec/4.1.73.Final/netty-codec-4.1.73.Final.jar:/Users/bryanguzman/.m2/repository/io/netty/netty-handler/4.1.73.Final/netty-handler-4.1.73.Final.jar:/Users/bryanguzman/.m2/repository/io/netty/netty-tcnative-classes/2.0.46.Final/netty-tcnative-classes-2.0.46.Final.jar:/Users/bryanguzman/.m2/repository/io/netty/netty-common/4.1.73.Final/netty-common-4.1.73.Final.jar:/Users/bryanguzman/.m2/repository/io/netty/netty-transport-classes-epoll/4.1.73.Final/netty-transport-classes-epoll-4.1.73.Final.jar:/Users/bryanguzman/.m2/repository/io/netty/netty-transport-classes-kqueue/4.1.73.Final/netty-transport-classes-kqueue-4.1.73.Final.jar:/Users/bryanguzman/.m2/repository/io/netty/netty-transport-native-epoll/4.1.73.Final/netty-transport-native-epoll-4.1.73.Final.jar:/Users/bryanguzman/.m2/repository/io/netty/netty-transport-native-kqueue/4.1.73.Final/netty-transport-native-kqueue-4.1.73.Final.jar:/Users/bryanguzman/.m2/repository/io/netty/netty-transport-native-unix-common/4.1.73.Final/netty-transport-native-unix-common-4.1.73.Final.jar:/Users/bryanguzman/.m2/repository/io/netty/netty-transport/4.1.73.Final/netty-transport-4.1.73.Final.jar:/Users/bryanguzman/.m2/repository/io/netty/netty-resolver/4.1.73.Final/netty-resolver-4.1.73.Final.jar:/Users/bryanguzman/.m2/repository/io/opentelemetry/opentelemetry-api/1.10.1/opentelemetry-api-1.10.1.jar:/Users/bryanguzman/.m2/repository/io/opentelemetry/opentelemetry-context/1.10.1/opentelemetry-context-1.10.1.jar:/Users/bryanguzman/.m2/repository/io/opentelemetry/opentelemetry-exporter-logging/1.10.1/opentelemetry-exporter-logging-1.10.1.jar:/Users/bryanguzman/.m2/repository/io/opentelemetry/opentelemetry-sdk-metrics/1.10.1-alpha/opentelemetry-sdk-metrics-1.10.1-alpha.jar:/Users/bryanguzman/.m2/repository/io/opentelemetry/opentelemetry-sdk-logs/1.10.1-alpha/opentelemetry-sdk-logs-1.10.1-alpha.jar:/Users/bryanguzman/.m2/repository/io/opentelemetry/opentelemetry-sdk-common/1.10.1/opentelemetry-sdk-common-1.10.1.jar:/Users/bryanguzman/.m2/repository/io/opentelemetry/opentelemetry-sdk-extension-autoconfigure-spi/1.10.1/opentelemetry-sdk-extension-autoconfigure-spi-1.10.1.jar:/Users/bryanguzman/.m2/repository/io/opentelemetry/opentelemetry-sdk-extension-autoconfigure/1.10.1-alpha/opentelemetry-sdk-extension-autoconfigure-1.10.1-alpha.jar:/Users/bryanguzman/.m2/repository/io/opentelemetry/opentelemetry-sdk-trace/1.10.1/opentelemetry-sdk-trace-1.10.1.jar:/Users/bryanguzman/.m2/repository/io/opentelemetry/opentelemetry-sdk/1.10.1/opentelemetry-sdk-1.10.1.jar:/Users/bryanguzman/.m2/repository/io/opentelemetry/opentelemetry-semconv/1.10.1-alpha/opentelemetry-semconv-1.10.1-alpha.jar:/Users/bryanguzman/.m2/repository/io/ous/jtoml/2.0.0/jtoml-2.0.0.jar:/Users/bryanguzman/.m2/repository/net/bytebuddy/byte-buddy/1.12.7/byte-buddy-1.12.7.jar:/Users/bryanguzman/.m2/repository/org/apache/commons/commons-exec/1.3/commons-exec-1.3.jar:/Users/bryanguzman/.m2/repository/org/asynchttpclient/async-http-client/2.12.3/async-http-client-2.12.3.jar:/Users/bryanguzman/.m2/repository/org/asynchttpclient/async-http-client-netty-utils/2.12.3/async-http-client-netty-utils-2.12.3.jar:/Users/bryanguzman/.m2/repository/io/netty/netty-codec-socks/4.1.60.Final/netty-codec-socks-4.1.60.Final.jar:/Users/bryanguzman/.m2/repository/io/netty/netty-handler-proxy/4.1.60.Final/netty-handler-proxy-4.1.60.Final.jar:/Users/bryanguzman/.m2/repository/io/netty/netty-transport-native-epoll/4.1.60.Final/netty-transport-native-epoll-4.1.60.Final-linux-x86_64.jar:/Users/bryanguzman/.m2/repository/io/netty/netty-transport-native-kqueue/4.1.60.Final/netty-transport-native-kqueue-4.1.60.Final-osx-x86_64.jar:/Users/bryanguzman/.m2/repository/org/reactivestreams/reactive-streams/1.0.3/reactive-streams-1.0.3.jar:/Users/bryanguzman/.m2/repository/com/typesafe/netty/netty-reactive-streams/2.0.4/netty-reactive-streams-2.0.4.jar:/Users/bryanguzman/.m2/repository/com/sun/activation/jakarta.activation/1.2.2/jakarta.activation-1.2.2.jar:/Users/bryanguzman/.m2/repository/org/seleniumhq/selenium/selenium-http/4.1.2/selenium-http-4.1.2.jar:/Users/bryanguzman/.m2/repository/net/jodah/failsafe/2.4.4/failsafe-2.4.4.jar:/Users/bryanguzman/.m2/repository/org/seleniumhq/selenium/selenium-safari-driver/4.1.2/selenium-safari-driver-4.1.2.jar:/Users/bryanguzman/.m2/repository/org/seleniumhq/selenium/selenium-support/4.1.2/selenium-support-4.1.2.jar:/Users/bryanguzman/.m2/repository/org/testng/testng/7.5/testng-7.5.jar:/Users/bryanguzman/.m2/repository/com/google/code/findbugs/jsr305/3.0.1/jsr305-3.0.1.jar:/Users/bryanguzman/.m2/repository/org/slf4j/slf4j-api/1.7.32/slf4j-api-1.7.32.jar:/Users/bryanguzman/.m2/repository/com/beust/jcommander/1.78/jcommander-1.78.jar:/Users/bryanguzman/.m2/repository/org/webjars/jquery/3.5.1/jquery-3.5.1.jar:/Users/bryanguzman/.m2/repository/io/github/bonigarcia/webdrivermanager/5.1.0/webdrivermanager-5.1.0.jar:/Users/bryanguzman/.m2/repository/com/google/code/gson/gson/2.9.0/gson-2.9.0.jar:/Users/bryanguzman/.m2/repository/com/github/docker-java/docker-java/3.2.13/docker-java-3.2.13.jar:/Users/bryanguzman/.m2/repository/com/github/docker-java/docker-java-core/3.2.13/docker-java-core-3.2.13.jar:/Users/bryanguzman/.m2/repository/com/github/docker-java/docker-java-api/3.2.13/docker-java-api-3.2.13.jar:/Users/bryanguzman/.m2/repository/com/fasterxml/jackson/core/jackson-annotations/2.10.3/jackson-annotations-2.10.3.jar:/Users/bryanguzman/.m2/repository/commons-io/commons-io/2.6/commons-io-2.6.jar:/Users/bryanguzman/.m2/repository/org/apache/commons/commons-compress/1.21/commons-compress-1.21.jar:/Users/bryanguzman/.m2/repository/com/fasterxml/jackson/core/jackson-databind/2.10.3/jackson-databind-2.10.3.jar:/Users/bryanguzman/.m2/repository/com/fasterxml/jackson/core/jackson-core/2.10.3/jackson-core-2.10.3.jar:/Users/bryanguzman/.m2/repository/org/bouncycastle/bcpkix-jdk15on/1.64/bcpkix-jdk15on-1.64.jar:/Users/bryanguzman/.m2/repository/org/bouncycastle/bcprov-jdk15on/1.64/bcprov-jdk15on-1.64.jar:/Users/bryanguzman/.m2/repository/org/slf4j/jcl-over-slf4j/1.7.30/jcl-over-slf4j-1.7.30.jar:/Users/bryanguzman/.m2/repository/com/github/docker-java/docker-java-transport-httpclient5/3.2.13/docker-java-transport-httpclient5-3.2.13.jar:/Users/bryanguzman/.m2/repository/com/github/docker-java/docker-java-transport/3.2.13/docker-java-transport-3.2.13.jar:/Users/bryanguzman/.m2/repository/org/apache/httpcomponents/client5/httpclient5/5.0.3/httpclient5-5.0.3.jar:/Users/bryanguzman/.m2/repository/org/apache/httpcomponents/core5/httpcore5/5.0.2/httpcore5-5.0.2.jar:/Users/bryanguzman/.m2/repository/commons-codec/commons-codec/1.13/commons-codec-1.13.jar:/Users/bryanguzman/.m2/repository/net/java/dev/jna/jna/5.8.0/jna-5.8.0.jar:/Users/bryanguzman/.m2/repository/org/brotli/dec/0.1.2/dec-0.1.2.jar:/Users/bryanguzman/.m2/repository/org/apache/commons/commons-lang3/3.12.0/commons-lang3-3.12.0.jar:/Users/bryanguzman/.m2/repository/org/slf4j/slf4j-simple/1.7.21/slf4j-simple-1.7.21.jar:/Users/bryanguzman/.m2/repository/org/apache/maven/surefire/surefire-testng-utils/2.22.0/surefire-testng-utils-2.22.0.jar:/Users/bryanguzman/.m2/repository/org/apache/maven/surefire/surefire-grouper/2.22.0/surefire-grouper-2.22.0.jar:/Users/bryanguzman/.m2/repository/org/apache/maven/surefire/surefire-testng/2.22.0/surefire-testng-2.22.0.jar:/Users/bryanguzman/.m2/repository/org/apache/maven/surefire/common-java5/2.22.0/common-java5-2.22.0.jar"/>
    <property name="java.vm.vendor" value="Homebrew"/>
    <property name="sun.arch.data.model" value="64"/>
    <property name="java.vendor.url" value="https://github.com/Homebrew/homebrew-core/issues"/>
    <property name="os.name" value="Mac OS X"/>
    <property name="java.vm.specification.version" value="17"/>
    <property name="sun.java.launcher" value="SUN_STANDARD"/>
    <property name="user.country" value="419"/>
    <property name="sun.boot.library.path" value="/usr/local/Cellar/openjdk/17.0.1_1/libexec/openjdk.jdk/Contents/Home/lib"/>
    <property name="sun.java.command" value="org.apache.maven.surefire.booter.ForkedBooter /Users/bryanguzman/git/Portafolio-Selenium-Project/target/surefire 2022-03-20T23-47-48_917-jvmRun1 surefire1638874558141289195tmp surefire_07337905568770963873tmp"/>
    <property name="http.nonProxyHosts" value="local|*.local|169.254/16|*.169.254/16"/>
    <property name="jdk.debug" value="release"/>
    <property name="surefire.test.class.path" value="/Users/bryanguzman/git/Portafolio-Selenium-Project/target/test-classes:/Users/bryanguzman/git/Portafolio-Selenium-Project/target/classes:/Users/bryanguzman/.m2/repository/org/seleniumhq/selenium/selenium-java/4.1.2/selenium-java-4.1.2.jar:/Users/bryanguzman/.m2/repository/org/seleniumhq/selenium/selenium-api/4.1.2/selenium-api-4.1.2.jar:/Users/bryanguzman/.m2/repository/org/seleniumhq/selenium/selenium-chrome-driver/4.1.2/selenium-chrome-driver-4.1.2.jar:/Users/bryanguzman/.m2/repository/com/google/auto/service/auto-service-annotations/1.0.1/auto-service-annotations-1.0.1.jar:/Users/bryanguzman/.m2/repository/com/google/auto/service/auto-service/1.0.1/auto-service-1.0.1.jar:/Users/bryanguzman/.m2/repository/com/google/auto/auto-common/1.2/auto-common-1.2.jar:/Users/bryanguzman/.m2/repository/com/google/guava/guava/31.0.1-jre/guava-31.0.1-jre.jar:/Users/bryanguzman/.m2/repository/com/google/guava/failureaccess/1.0.1/failureaccess-1.0.1.jar:/Users/bryanguzman/.m2/repository/com/google/guava/listenablefuture/9999.0-empty-to-avoid-conflict-with-guava/listenablefuture-9999.0-empty-to-avoid-conflict-with-guava.jar:/Users/bryanguzman/.m2/repository/org/checkerframework/checker-qual/3.12.0/checker-qual-3.12.0.jar:/Users/bryanguzman/.m2/repository/com/google/errorprone/error_prone_annotations/2.7.1/error_prone_annotations-2.7.1.jar:/Users/bryanguzman/.m2/repository/com/google/j2objc/j2objc-annotations/1.3/j2objc-annotations-1.3.jar:/Users/bryanguzman/.m2/repository/org/seleniumhq/selenium/selenium-chromium-driver/4.1.2/selenium-chromium-driver-4.1.2.jar:/Users/bryanguzman/.m2/repository/org/seleniumhq/selenium/selenium-json/4.1.2/selenium-json-4.1.2.jar:/Users/bryanguzman/.m2/repository/org/seleniumhq/selenium/selenium-devtools-v85/4.1.2/selenium-devtools-v85-4.1.2.jar:/Users/bryanguzman/.m2/repository/org/seleniumhq/selenium/selenium-devtools-v95/4.1.2/selenium-devtools-v95-4.1.2.jar:/Users/bryanguzman/.m2/repository/org/seleniumhq/selenium/selenium-devtools-v96/4.1.2/selenium-devtools-v96-4.1.2.jar:/Users/bryanguzman/.m2/repository/org/seleniumhq/selenium/selenium-devtools-v97/4.1.2/selenium-devtools-v97-4.1.2.jar:/Users/bryanguzman/.m2/repository/org/seleniumhq/selenium/selenium-edge-driver/4.1.2/selenium-edge-driver-4.1.2.jar:/Users/bryanguzman/.m2/repository/org/seleniumhq/selenium/selenium-firefox-driver/4.1.2/selenium-firefox-driver-4.1.2.jar:/Users/bryanguzman/.m2/repository/org/seleniumhq/selenium/selenium-firefox-xpi-driver/4.1.2/selenium-firefox-xpi-driver-4.1.2.jar:/Users/bryanguzman/.m2/repository/org/seleniumhq/selenium/selenium-ie-driver/4.1.2/selenium-ie-driver-4.1.2.jar:/Users/bryanguzman/.m2/repository/org/seleniumhq/selenium/selenium-opera-driver/4.1.2/selenium-opera-driver-4.1.2.jar:/Users/bryanguzman/.m2/repository/org/seleniumhq/selenium/selenium-remote-driver/4.1.2/selenium-remote-driver-4.1.2.jar:/Users/bryanguzman/.m2/repository/io/netty/netty-buffer/4.1.73.Final/netty-buffer-4.1.73.Final.jar:/Users/bryanguzman/.m2/repository/io/netty/netty-codec-http/4.1.73.Final/netty-codec-http-4.1.73.Final.jar:/Users/bryanguzman/.m2/repository/io/netty/netty-codec/4.1.73.Final/netty-codec-4.1.73.Final.jar:/Users/bryanguzman/.m2/repository/io/netty/netty-handler/4.1.73.Final/netty-handler-4.1.73.Final.jar:/Users/bryanguzman/.m2/repository/io/netty/netty-tcnative-classes/2.0.46.Final/netty-tcnative-classes-2.0.46.Final.jar:/Users/bryanguzman/.m2/repository/io/netty/netty-common/4.1.73.Final/netty-common-4.1.73.Final.jar:/Users/bryanguzman/.m2/repository/io/netty/netty-transport-classes-epoll/4.1.73.Final/netty-transport-classes-epoll-4.1.73.Final.jar:/Users/bryanguzman/.m2/repository/io/netty/netty-transport-classes-kqueue/4.1.73.Final/netty-transport-classes-kqueue-4.1.73.Final.jar:/Users/bryanguzman/.m2/repository/io/netty/netty-transport-native-epoll/4.1.73.Final/netty-transport-native-epoll-4.1.73.Final.jar:/Users/bryanguzman/.m2/repository/io/netty/netty-transport-native-kqueue/4.1.73.Final/netty-transport-native-kqueue-4.1.73.Final.jar:/Users/bryanguzman/.m2/repository/io/netty/netty-transport-native-unix-common/4.1.73.Final/netty-transport-native-unix-common-4.1.73.Final.jar:/Users/bryanguzman/.m2/repository/io/netty/netty-transport/4.1.73.Final/netty-transport-4.1.73.Final.jar:/Users/bryanguzman/.m2/repository/io/netty/netty-resolver/4.1.73.Final/netty-resolver-4.1.73.Final.jar:/Users/bryanguzman/.m2/repository/io/opentelemetry/opentelemetry-api/1.10.1/opentelemetry-api-1.10.1.jar:/Users/bryanguzman/.m2/repository/io/opentelemetry/opentelemetry-context/1.10.1/opentelemetry-context-1.10.1.jar:/Users/bryanguzman/.m2/repository/io/opentelemetry/opentelemetry-exporter-logging/1.10.1/opentelemetry-exporter-logging-1.10.1.jar:/Users/bryanguzman/.m2/repository/io/opentelemetry/opentelemetry-sdk-metrics/1.10.1-alpha/opentelemetry-sdk-metrics-1.10.1-alpha.jar:/Users/bryanguzman/.m2/repository/io/opentelemetry/opentelemetry-sdk-logs/1.10.1-alpha/opentelemetry-sdk-logs-1.10.1-alpha.jar:/Users/bryanguzman/.m2/repository/io/opentelemetry/opentelemetry-sdk-common/1.10.1/opentelemetry-sdk-common-1.10.1.jar:/Users/bryanguzman/.m2/repository/io/opentelemetry/opentelemetry-sdk-extension-autoconfigure-spi/1.10.1/opentelemetry-sdk-extension-autoconfigure-spi-1.10.1.jar:/Users/bryanguzman/.m2/repository/io/opentelemetry/opentelemetry-sdk-extension-autoconfigure/1.10.1-alpha/opentelemetry-sdk-extension-autoconfigure-1.10.1-alpha.jar:/Users/bryanguzman/.m2/repository/io/opentelemetry/opentelemetry-sdk-trace/1.10.1/opentelemetry-sdk-trace-1.10.1.jar:/Users/bryanguzman/.m2/repository/io/opentelemetry/opentelemetry-sdk/1.10.1/opentelemetry-sdk-1.10.1.jar:/Users/bryanguzman/.m2/repository/io/opentelemetry/opentelemetry-semconv/1.10.1-alpha/opentelemetry-semconv-1.10.1-alpha.jar:/Users/bryanguzman/.m2/repository/io/ous/jtoml/2.0.0/jtoml-2.0.0.jar:/Users/bryanguzman/.m2/repository/net/bytebuddy/byte-buddy/1.12.7/byte-buddy-1.12.7.jar:/Users/bryanguzman/.m2/repository/org/apache/commons/commons-exec/1.3/commons-exec-1.3.jar:/Users/bryanguzman/.m2/repository/org/asynchttpclient/async-http-client/2.12.3/async-http-client-2.12.3.jar:/Users/bryanguzman/.m2/repository/org/asynchttpclient/async-http-client-netty-utils/2.12.3/async-http-client-netty-utils-2.12.3.jar:/Users/bryanguzman/.m2/repository/io/netty/netty-codec-socks/4.1.60.Final/netty-codec-socks-4.1.60.Final.jar:/Users/bryanguzman/.m2/repository/io/netty/netty-handler-proxy/4.1.60.Final/netty-handler-proxy-4.1.60.Final.jar:/Users/bryanguzman/.m2/repository/io/netty/netty-transport-native-epoll/4.1.60.Final/netty-transport-native-epoll-4.1.60.Final-linux-x86_64.jar:/Users/bryanguzman/.m2/repository/io/netty/netty-transport-native-kqueue/4.1.60.Final/netty-transport-native-kqueue-4.1.60.Final-osx-x86_64.jar:/Users/bryanguzman/.m2/repository/org/reactivestreams/reactive-streams/1.0.3/reactive-streams-1.0.3.jar:/Users/bryanguzman/.m2/repository/com/typesafe/netty/netty-reactive-streams/2.0.4/netty-reactive-streams-2.0.4.jar:/Users/bryanguzman/.m2/repository/com/sun/activation/jakarta.activation/1.2.2/jakarta.activation-1.2.2.jar:/Users/bryanguzman/.m2/repository/org/seleniumhq/selenium/selenium-http/4.1.2/selenium-http-4.1.2.jar:/Users/bryanguzman/.m2/repository/net/jodah/failsafe/2.4.4/failsafe-2.4.4.jar:/Users/bryanguzman/.m2/repository/org/seleniumhq/selenium/selenium-safari-driver/4.1.2/selenium-safari-driver-4.1.2.jar:/Users/bryanguzman/.m2/repository/org/seleniumhq/selenium/selenium-support/4.1.2/selenium-support-4.1.2.jar:/Users/bryanguzman/.m2/repository/org/testng/testng/7.5/testng-7.5.jar:/Users/bryanguzman/.m2/repository/com/google/code/findbugs/jsr305/3.0.1/jsr305-3.0.1.jar:/Users/bryanguzman/.m2/repository/org/slf4j/slf4j-api/1.7.32/slf4j-api-1.7.32.jar:/Users/bryanguzman/.m2/repository/com/beust/jcommander/1.78/jcommander-1.78.jar:/Users/bryanguzman/.m2/repository/org/webjars/jquery/3.5.1/jquery-3.5.1.jar:/Users/bryanguzman/.m2/repository/io/github/bonigarcia/webdrivermanager/5.1.0/webdrivermanager-5.1.0.jar:/Users/bryanguzman/.m2/repository/com/google/code/gson/gson/2.9.0/gson-2.9.0.jar:/Users/bryanguzman/.m2/repository/com/github/docker-java/docker-java/3.2.13/docker-java-3.2.13.jar:/Users/bryanguzman/.m2/repository/com/github/docker-java/docker-java-core/3.2.13/docker-java-core-3.2.13.jar:/Users/bryanguzman/.m2/repository/com/github/docker-java/docker-java-api/3.2.13/docker-java-api-3.2.13.jar:/Users/bryanguzman/.m2/repository/com/fasterxml/jackson/core/jackson-annotations/2.10.3/jackson-annotations-2.10.3.jar:/Users/bryanguzman/.m2/repository/commons-io/commons-io/2.6/commons-io-2.6.jar:/Users/bryanguzman/.m2/repository/org/apache/commons/commons-compress/1.21/commons-compress-1.21.jar:/Users/bryanguzman/.m2/repository/com/fasterxml/jackson/core/jackson-databind/2.10.3/jackson-databind-2.10.3.jar:/Users/bryanguzman/.m2/repository/com/fasterxml/jackson/core/jackson-core/2.10.3/jackson-core-2.10.3.jar:/Users/bryanguzman/.m2/repository/org/bouncycastle/bcpkix-jdk15on/1.64/bcpkix-jdk15on-1.64.jar:/Users/bryanguzman/.m2/repository/org/bouncycastle/bcprov-jdk15on/1.64/bcprov-jdk15on-1.64.jar:/Users/bryanguzman/.m2/repository/org/slf4j/jcl-over-slf4j/1.7.30/jcl-over-slf4j-1.7.30.jar:/Users/bryanguzman/.m2/repository/com/github/docker-java/docker-java-transport-httpclient5/3.2.13/docker-java-transport-httpclient5-3.2.13.jar:/Users/bryanguzman/.m2/repository/com/github/docker-java/docker-java-transport/3.2.13/docker-java-transport-3.2.13.jar:/Users/bryanguzman/.m2/repository/org/apache/httpcomponents/client5/httpclient5/5.0.3/httpclient5-5.0.3.jar:/Users/bryanguzman/.m2/repository/org/apache/httpcomponents/core5/httpcore5/5.0.2/httpcore5-5.0.2.jar:/Users/bryanguzman/.m2/repository/commons-codec/commons-codec/1.13/commons-codec-1.13.jar:/Users/bryanguzman/.m2/repository/net/java/dev/jna/jna/5.8.0/jna-5.8.0.jar:/Users/bryanguzman/.m2/repository/org/brotli/dec/0.1.2/dec-0.1.2.jar:/Users/bryanguzman/.m2/repository/org/apache/commons/commons-lang3/3.12.0/commons-lang3-3.12.0.jar:/Users/bryanguzman/.m2/repository/org/slf4j/slf4j-simple/1.7.21/slf4j-simple-1.7.21.jar:/Users/bryanguzman/.m2/repository/org/apache/maven/surefire/surefire-testng-utils/2.22.0/surefire-testng-utils-2.22.0.jar:/Users/bryanguzman/.m2/repository/org/apache/maven/surefire/surefire-grouper/2.22.0/surefire-grouper-2.22.0.jar:"/>
    <property name="sun.cpu.endian" value="little"/>
    <property name="user.home" value="/Users/bryanguzman"/>
    <property name="user.language" value="es"/>
    <property name="java.specification.vendor" value="Oracle Corporation"/>
    <property name="java.version.date" value="2021-10-19"/>
    <property name="java.home" value="/usr/local/Cellar/openjdk/17.0.1_1/libexec/openjdk.jdk/Contents/Home"/>
    <property name="file.separator" value="/"/>
    <property name="basedir" value="/Users/bryanguzman/git/Portafolio-Selenium-Project"/>
    <property name="java.vm.compressedOopsMode" value="Zero based"/>
    <property name="line.separator" value="&#10;"/>
    <property name="java.specification.name" value="Java Platform API Specification"/>
    <property name="java.vm.specification.vendor" value="Oracle Corporation"/>
    <property name="sun.management.compiler" value="HotSpot 64-Bit Tiered Compilers"/>
    <property name="ftp.nonProxyHosts" value="local|*.local|169.254/16|*.169.254/16"/>
    <property name="java.runtime.version" value="17.0.1+1"/>
    <property name="user.name" value="bryanguzman"/>
    <property name="path.separator" value=":"/>
    <property name="os.version" value="12.2.1"/>
    <property name="java.runtime.name" value="OpenJDK Runtime Environment"/>
    <property name="file.encoding" value="US-ASCII"/>
    <property name="java.vm.name" value="OpenJDK 64-Bit Server VM"/>
    <property name="java.vendor.version" value="Homebrew"/>
    <property name="localRepository" value="/Users/bryanguzman/.m2/repository"/>
    <property name="java.vendor.url.bug" value="https://github.com/Homebrew/homebrew-core/issues"/>
    <property name="java.io.tmpdir" value="/var/folders/r1/d39krdpx5sx0_d_36pdxgzr80000gn/T/"/>
    <property name="java.version" value="17.0.1"/>
    <property name="user.dir" value="/Users/bryanguzman/git/Portafolio-Selenium-Project"/>
    <property name="os.arch" value="x86_64"/>
    <property name="java.vm.specification.name" value="Java Virtual Machine Specification"/>
    <property name="native.encoding" value="US-ASCII"/>
    <property name="java.library.path" value="/Users/bryanguzman/Library/Java/Extensions:/Library/Java/Extensions:/Network/Library/Java/Extensions:/System/Library/Java/Extensions:/usr/lib/java:."/>
    <property name="java.vm.info" value="mixed mode, sharing"/>
    <property name="java.vendor" value="Homebrew"/>
    <property name="java.vm.version" value="17.0.1+1"/>
    <property name="sun.io.unicode.encoding" value="UnicodeBig"/>
    <property name="socksNonProxyHosts" value="local|*.local|169.254/16|*.169.254/16"/>
    <property name="java.class.version" value="61.0"/>
  </properties>
  <testcase name="verifyEuroCurrencyIsDisplayed" classname="Tests.HeaderPageTests" time="0.769">
    <failure message="Currency is not updated to ��� Currency expected [��� Currency ] but found [€ Currency ]" type="java.lang.AssertionError">java.lang.AssertionError: Currency is not updated to ��� Currency expected [��� Currency ] but found [€ Currency ]
	at Tests.HeaderPageTests.verifyEuroCurrencyIsDisplayed(HeaderPageTests.java:37)
</failure>
    <system-err><![CDATA[[main] INFO io.github.bonigarcia.wdm.WebDriverManager - Using chromedriver 99.0.4844.51 (resolved driver for Chrome 99)
[main] INFO io.github.bonigarcia.wdm.WebDriverManager - Exporting webdriver.chrome.driver as /Users/bryanguzman/.cache/selenium/chromedriver/mac64/99.0.4844.51/chromedriver
[main] INFO io.github.bonigarcia.wdm.WebDriverManager - Using geckodriver 0.30.0 (resolved driver for Firefox 98)
[main] INFO io.github.bonigarcia.wdm.WebDriverManager - Exporting webdriver.gecko.driver as /Users/bryanguzman/.cache/selenium/geckodriver/mac64/0.30.0/geckodriver
Starting ChromeDriver 99.0.4844.51 (d537ec02474b5afe23684e7963d538896c63ac77-refs/branch-heads/4844@{#875}) on port 52350
Only local connections are allowed.
Please see https://chromedriver.chromium.org/security-considerations for suggestions on keeping ChromeDriver safe.
ChromeDriver was started successfully.
mar. 20, 2022 11:47:51 P.?M. org.openqa.selenium.remote.ProtocolHandshake createSession
INFORMACI?N: Detected dialect: W3C
mar. 20, 2022 11:47:51 P.?M. org.openqa.selenium.devtools.CdpVersionFinder findNearestMatch
ADVERTENCIA: Unable to find an exact match for CDP version 99, so returning the closest version found: 97
mar. 20, 2022 11:47:51 P.?M. org.openqa.selenium.devtools.CdpVersionFinder findNearestMatch
INFORMACI?N: Found CDP implementation for version 99 of 97
]]></system-err>
  </testcase>
  <testcase name="verifyPoundsCurrencyIsDisplayed" classname="Tests.HeaderPageTests" time="0.013">
    <failure message="Session ID is null. Using WebDriver after calling quit()?&#10;Build info: version: &apos;4.1.2&apos;, revision: &apos;9a5a329c5a&apos;&#10;System info: host: &apos;Bryans-MacBook-Pro.local&apos;, ip: &apos;fe80:0:0:0:1cb6:72da:17ed:c073%en0&apos;, os.name: &apos;Mac OS X&apos;, os.arch: &apos;x86_64&apos;, os.version: &apos;12.2.1&apos;, java.version: &apos;17.0.1&apos;&#10;Driver info: org.openqa.selenium.chrome.ChromeDriver&#10;Command: [null, findElement {using=xpath, value=//div[@class=&apos;pull-left&apos;]/form/div/button}]&#10;Capabilities {acceptInsecureCerts: false, browserName: chrome, browserVersion: 99.0.4844.83, chrome: {chromedriverVersion: 99.0.4844.51 (d537ec02474b5..., userDataDir: /var/folders/r1/d39krdpx5sx...}, goog:chromeOptions: {debuggerAddress: localhost:52027}, javascriptEnabled: true, networkConnectionEnabled: false, pageLoadStrategy: normal, platform: MAC, platformName: MAC, proxy: Proxy(), se:cdp: ws://localhost:52027/devtoo..., se:cdpVersion: 99.0.4844.83, setWindowRect: true, strictFileInteractability: false, timeouts: {implicit: 0, pageLoad: 300000, script: 30000}, unhandledPromptBehavior: dismiss and notify, webauthn:extension:credBlob: true, webauthn:extension:largeBlob: true, webauthn:virtualAuthenticators: true}" type="org.openqa.selenium.NoSuchSessionException">org.openqa.selenium.NoSuchSessionException: 
Session ID is null. Using WebDriver after calling quit()?
Build info: version: '4.1.2', revision: '9a5a329c5a'
System info: host: 'Bryans-MacBook-Pro.local', ip: 'fe80:0:0:0:1cb6:72da:17ed:c073%en0', os.name: 'Mac OS X', os.arch: 'x86_64', os.version: '12.2.1', java.version: '17.0.1'
Driver info: org.openqa.selenium.chrome.ChromeDriver
Command: [null, findElement {using=xpath, value=//div[@class='pull-left']/form/div/button}]
Capabilities {acceptInsecureCerts: false, browserName: chrome, browserVersion: 99.0.4844.83, chrome: {chromedriverVersion: 99.0.4844.51 (d537ec02474b5..., userDataDir: /var/folders/r1/d39krdpx5sx...}, goog:chromeOptions: {debuggerAddress: localhost:52027}, javascriptEnabled: true, networkConnectionEnabled: false, pageLoadStrategy: normal, platform: MAC, platformName: MAC, proxy: Proxy(), se:cdp: ws://localhost:52027/devtoo..., se:cdpVersion: 99.0.4844.83, setWindowRect: true, strictFileInteractability: false, timeouts: {implicit: 0, pageLoad: 300000, script: 30000}, unhandledPromptBehavior: dismiss and notify, webauthn:extension:credBlob: true, webauthn:extension:largeBlob: true, webauthn:virtualAuthenticators: true}
	at Tests.HeaderPageTests.verifyPoundsCurrencyIsDisplayed(HeaderPageTests.java:48)
</failure>
    <system-out><![CDATA[Element is not able to click now (WaitForElementToBeClickeable Method) [[ChromeDriver: chrome on MAC (4968cab8918fb3dfa398855ec1dc7eeb)] -> xpath: //div[@class='pull-left']/form/div/ul/li[2]/button]org.openqa.selenium.NoSuchSessionException: Session ID is null. Using WebDriver after calling quit()?
Build info: version: '4.1.2', revision: '9a5a329c5a'
System info: host: 'Bryans-MacBook-Pro.local', ip: 'fe80:0:0:0:1cb6:72da:17ed:c073%en0', os.name: 'Mac OS X', os.arch: 'x86_64', os.version: '12.2.1', java.version: '17.0.1'
Driver info: org.openqa.selenium.chrome.ChromeDriver
Command: [null, isElementDisplayed {id=8ea15e97-7c1c-4018-8e41-7b425126f41f}]
Capabilities {acceptInsecureCerts: false, browserName: chrome, browserVersion: 99.0.4844.83, chrome: {chromedriverVersion: 99.0.4844.51 (d537ec02474b5..., userDataDir: /var/folders/r1/d39krdpx5sx...}, goog:chromeOptions: {debuggerAddress: localhost:52027}, javascriptEnabled: true, networkConnectionEnabled: false, pageLoadStrategy: normal, platform: MAC, platformName: MAC, proxy: Proxy(), se:cdp: ws://localhost:52027/devtoo..., se:cdpVersion: 99.0.4844.83, setWindowRect: true, strictFileInteractability: false, timeouts: {implicit: 0, pageLoad: 300000, script: 30000}, unhandledPromptBehavior: dismiss and notify, webauthn:extension:credBlob: true, webauthn:extension:largeBlob: true, webauthn:virtualAuthenticators: true}
Element: [[ChromeDriver: chrome on MAC (4968cab8918fb3dfa398855ec1dc7eeb)] -> xpath: //div[@class='pull-left']/form/div/ul/li[2]/button]
]]></system-out>
    <system-err><![CDATA[[main] INFO io.github.bonigarcia.wdm.WebDriverManager - Using chromedriver 99.0.4844.51 (resolved driver for Chrome 99)
[main] INFO io.github.bonigarcia.wdm.WebDriverManager - Exporting webdriver.chrome.driver as /Users/bryanguzman/.cache/selenium/chromedriver/mac64/99.0.4844.51/chromedriver
[main] INFO io.github.bonigarcia.wdm.WebDriverManager - Using geckodriver 0.30.0 (resolved driver for Firefox 98)
[main] INFO io.github.bonigarcia.wdm.WebDriverManager - Exporting webdriver.gecko.driver as /Users/bryanguzman/.cache/selenium/geckodriver/mac64/0.30.0/geckodriver
Starting ChromeDriver 99.0.4844.51 (d537ec02474b5afe23684e7963d538896c63ac77-refs/branch-heads/4844@{#875}) on port 54901
Only local connections are allowed.
Please see https://chromedriver.chromium.org/security-considerations for suggestions on keeping ChromeDriver safe.
ChromeDriver was started successfully.
mar. 20, 2022 11:47:56 P.?M. org.openqa.selenium.remote.ProtocolHandshake createSession
INFORMACI?N: Detected dialect: W3C
mar. 20, 2022 11:47:56 P.?M. org.openqa.selenium.devtools.CdpVersionFinder findNearestMatch
ADVERTENCIA: Unable to find an exact match for CDP version 99, so returning the closest version found: 97
mar. 20, 2022 11:47:56 P.?M. org.openqa.selenium.devtools.CdpVersionFinder findNearestMatch
INFORMACI?N: Found CDP implementation for version 99 of 97
Hover on element failed.
]]></system-err>
  </testcase>
  <testcase name="verifyUSDollarCurrencyIsDisplayed" classname="Tests.HeaderPageTests" time="0.004">
    <failure message="Session ID is null. Using WebDriver after calling quit()?&#10;Build info: version: &apos;4.1.2&apos;, revision: &apos;9a5a329c5a&apos;&#10;System info: host: &apos;Bryans-MacBook-Pro.local&apos;, ip: &apos;fe80:0:0:0:1cb6:72da:17ed:c073%en0&apos;, os.name: &apos;Mac OS X&apos;, os.arch: &apos;x86_64&apos;, os.version: &apos;12.2.1&apos;, java.version: &apos;17.0.1&apos;&#10;Driver info: org.openqa.selenium.chrome.ChromeDriver&#10;Command: [null, findElement {using=xpath, value=//div[@class=&apos;pull-left&apos;]/form/div/button}]&#10;Capabilities {acceptInsecureCerts: false, browserName: chrome, browserVersion: 99.0.4844.83, chrome: {chromedriverVersion: 99.0.4844.51 (d537ec02474b5..., userDataDir: /var/folders/r1/d39krdpx5sx...}, goog:chromeOptions: {debuggerAddress: localhost:52027}, javascriptEnabled: true, networkConnectionEnabled: false, pageLoadStrategy: normal, platform: MAC, platformName: MAC, proxy: Proxy(), se:cdp: ws://localhost:52027/devtoo..., se:cdpVersion: 99.0.4844.83, setWindowRect: true, strictFileInteractability: false, timeouts: {implicit: 0, pageLoad: 300000, script: 30000}, unhandledPromptBehavior: dismiss and notify, webauthn:extension:credBlob: true, webauthn:extension:largeBlob: true, webauthn:virtualAuthenticators: true}" type="org.openqa.selenium.NoSuchSessionException">org.openqa.selenium.NoSuchSessionException: 
Session ID is null. Using WebDriver after calling quit()?
Build info: version: '4.1.2', revision: '9a5a329c5a'
System info: host: 'Bryans-MacBook-Pro.local', ip: 'fe80:0:0:0:1cb6:72da:17ed:c073%en0', os.name: 'Mac OS X', os.arch: 'x86_64', os.version: '12.2.1', java.version: '17.0.1'
Driver info: org.openqa.selenium.chrome.ChromeDriver
Command: [null, findElement {using=xpath, value=//div[@class='pull-left']/form/div/button}]
Capabilities {acceptInsecureCerts: false, browserName: chrome, browserVersion: 99.0.4844.83, chrome: {chromedriverVersion: 99.0.4844.51 (d537ec02474b5..., userDataDir: /var/folders/r1/d39krdpx5sx...}, goog:chromeOptions: {debuggerAddress: localhost:52027}, javascriptEnabled: true, networkConnectionEnabled: false, pageLoadStrategy: normal, platform: MAC, platformName: MAC, proxy: Proxy(), se:cdp: ws://localhost:52027/devtoo..., se:cdpVersion: 99.0.4844.83, setWindowRect: true, strictFileInteractability: false, timeouts: {implicit: 0, pageLoad: 300000, script: 30000}, unhandledPromptBehavior: dismiss and notify, webauthn:extension:credBlob: true, webauthn:extension:largeBlob: true, webauthn:virtualAuthenticators: true}
	at Tests.HeaderPageTests.verifyUSDollarCurrencyIsDisplayed(HeaderPageTests.java:26)
</failure>
    <system-out><![CDATA[Element is not able to click now (WaitForElementToBeClickeable Method) [[ChromeDriver: chrome on MAC (4968cab8918fb3dfa398855ec1dc7eeb)] -> xpath: //div[@class='pull-left']/form/div/ul/li[3]/button]org.openqa.selenium.NoSuchSessionException: Session ID is null. Using WebDriver after calling quit()?
Build info: version: '4.1.2', revision: '9a5a329c5a'
System info: host: 'Bryans-MacBook-Pro.local', ip: 'fe80:0:0:0:1cb6:72da:17ed:c073%en0', os.name: 'Mac OS X', os.arch: 'x86_64', os.version: '12.2.1', java.version: '17.0.1'
Driver info: org.openqa.selenium.chrome.ChromeDriver
Command: [null, isElementDisplayed {id=0562977f-64f6-44b9-bdc4-c6e6072999a7}]
Capabilities {acceptInsecureCerts: false, browserName: chrome, browserVersion: 99.0.4844.83, chrome: {chromedriverVersion: 99.0.4844.51 (d537ec02474b5..., userDataDir: /var/folders/r1/d39krdpx5sx...}, goog:chromeOptions: {debuggerAddress: localhost:52027}, javascriptEnabled: true, networkConnectionEnabled: false, pageLoadStrategy: normal, platform: MAC, platformName: MAC, proxy: Proxy(), se:cdp: ws://localhost:52027/devtoo..., se:cdpVersion: 99.0.4844.83, setWindowRect: true, strictFileInteractability: false, timeouts: {implicit: 0, pageLoad: 300000, script: 30000}, unhandledPromptBehavior: dismiss and notify, webauthn:extension:credBlob: true, webauthn:extension:largeBlob: true, webauthn:virtualAuthenticators: true}
Element: [[ChromeDriver: chrome on MAC (4968cab8918fb3dfa398855ec1dc7eeb)] -> xpath: //div[@class='pull-left']/form/div/ul/li[3]/button]
]]></system-out>
    <system-err><![CDATA[[main] INFO io.github.bonigarcia.wdm.WebDriverManager - Using chromedriver 99.0.4844.51 (resolved driver for Chrome 99)
[main] INFO io.github.bonigarcia.wdm.WebDriverManager - Exporting webdriver.chrome.driver as /Users/bryanguzman/.cache/selenium/chromedriver/mac64/99.0.4844.51/chromedriver
[main] INFO io.github.bonigarcia.wdm.WebDriverManager - Using geckodriver 0.30.0 (resolved driver for Firefox 98)
[main] INFO io.github.bonigarcia.wdm.WebDriverManager - Exporting webdriver.gecko.driver as /Users/bryanguzman/.cache/selenium/geckodriver/mac64/0.30.0/geckodriver
Starting ChromeDriver 99.0.4844.51 (d537ec02474b5afe23684e7963d538896c63ac77-refs/branch-heads/4844@{#875}) on port 56285
Only local connections are allowed.
Please see https://chromedriver.chromium.org/security-considerations for suggestions on keeping ChromeDriver safe.
ChromeDriver was started successfully.
mar. 20, 2022 11:47:59 P.?M. org.openqa.selenium.remote.ProtocolHandshake createSession
INFORMACI?N: Detected dialect: W3C
mar. 20, 2022 11:47:59 P.?M. org.openqa.selenium.devtools.CdpVersionFinder findNearestMatch
ADVERTENCIA: Unable to find an exact match for CDP version 99, so returning the closest version found: 97
mar. 20, 2022 11:47:59 P.?M. org.openqa.selenium.devtools.CdpVersionFinder findNearestMatch
INFORMACI?N: Found CDP implementation for version 99 of 97
Hover on element failed.
]]></system-err>
  </testcase>
  <testcase name="test_create_new_account" classname="Tests.RegisterPageTests" time="3.946"/>
  <testcase name="test_error_messages_displayed" classname="Tests.RegisterPageTests" time="0.003">
    <failure message="Session ID is null. Using WebDriver after calling quit()?&#10;Build info: version: &apos;4.1.2&apos;, revision: &apos;9a5a329c5a&apos;&#10;System info: host: &apos;Bryans-MacBook-Pro.local&apos;, ip: &apos;fe80:0:0:0:1cb6:72da:17ed:c073%en0&apos;, os.name: &apos;Mac OS X&apos;, os.arch: &apos;x86_64&apos;, os.version: &apos;12.2.1&apos;, java.version: &apos;17.0.1&apos;&#10;Driver info: org.openqa.selenium.chrome.ChromeDriver&#10;Command: [null, findElement {using=css selector, value=div[class=&apos;alert alert-danger alert-dismissible&apos;]}]&#10;Capabilities {acceptInsecureCerts: false, browserName: chrome, browserVersion: 99.0.4844.83, chrome: {chromedriverVersion: 99.0.4844.51 (d537ec02474b5..., userDataDir: /var/folders/r1/d39krdpx5sx...}, goog:chromeOptions: {debuggerAddress: localhost:52100}, javascriptEnabled: true, networkConnectionEnabled: false, pageLoadStrategy: normal, platform: MAC, platformName: MAC, proxy: Proxy(), se:cdp: ws://localhost:52100/devtoo..., se:cdpVersion: 99.0.4844.83, setWindowRect: true, strictFileInteractability: false, timeouts: {implicit: 0, pageLoad: 300000, script: 30000}, unhandledPromptBehavior: dismiss and notify, webauthn:extension:credBlob: true, webauthn:extension:largeBlob: true, webauthn:virtualAuthenticators: true}" type="org.openqa.selenium.NoSuchSessionException">org.openqa.selenium.NoSuchSessionException: 
Session ID is null. Using WebDriver after calling quit()?
Build info: version: '4.1.2', revision: '9a5a329c5a'
System info: host: 'Bryans-MacBook-Pro.local', ip: 'fe80:0:0:0:1cb6:72da:17ed:c073%en0', os.name: 'Mac OS X', os.arch: 'x86_64', os.version: '12.2.1', java.version: '17.0.1'
Driver info: org.openqa.selenium.chrome.ChromeDriver
Command: [null, findElement {using=css selector, value=div[class='alert alert-danger alert-dismissible']}]
Capabilities {acceptInsecureCerts: false, browserName: chrome, browserVersion: 99.0.4844.83, chrome: {chromedriverVersion: 99.0.4844.51 (d537ec02474b5..., userDataDir: /var/folders/r1/d39krdpx5sx...}, goog:chromeOptions: {debuggerAddress: localhost:52100}, javascriptEnabled: true, networkConnectionEnabled: false, pageLoadStrategy: normal, platform: MAC, platformName: MAC, proxy: Proxy(), se:cdp: ws://localhost:52100/devtoo..., se:cdpVersion: 99.0.4844.83, setWindowRect: true, strictFileInteractability: false, timeouts: {implicit: 0, pageLoad: 300000, script: 30000}, unhandledPromptBehavior: dismiss and notify, webauthn:extension:credBlob: true, webauthn:extension:largeBlob: true, webauthn:virtualAuthenticators: true}
	at Tests.RegisterPageTests.test_error_messages_displayed(RegisterPageTests.java:42)
</failure>
    <system-out><![CDATA[Element is not able to click now (WaitForElementToBeClickeable Method) [[ChromeDriver: chrome on MAC (9490228672b08939f2d7d4c1f43e1e53)] -> xpath: //ul/li/a[text()='Register']]org.openqa.selenium.NoSuchSessionException: Session ID is null. Using WebDriver after calling quit()?
Build info: version: '4.1.2', revision: '9a5a329c5a'
System info: host: 'Bryans-MacBook-Pro.local', ip: 'fe80:0:0:0:1cb6:72da:17ed:c073%en0', os.name: 'Mac OS X', os.arch: 'x86_64', os.version: '12.2.1', java.version: '17.0.1'
Driver info: org.openqa.selenium.chrome.ChromeDriver
Command: [null, isElementDisplayed {id=b0ad7074-ea26-4f4e-8003-dff98c988d5e}]
Capabilities {acceptInsecureCerts: false, browserName: chrome, browserVersion: 99.0.4844.83, chrome: {chromedriverVersion: 99.0.4844.51 (d537ec02474b5..., userDataDir: /var/folders/r1/d39krdpx5sx...}, goog:chromeOptions: {debuggerAddress: localhost:52100}, javascriptEnabled: true, networkConnectionEnabled: false, pageLoadStrategy: normal, platform: MAC, platformName: MAC, proxy: Proxy(), se:cdp: ws://localhost:52100/devtoo..., se:cdpVersion: 99.0.4844.83, setWindowRect: true, strictFileInteractability: false, timeouts: {implicit: 0, pageLoad: 300000, script: 30000}, unhandledPromptBehavior: dismiss and notify, webauthn:extension:credBlob: true, webauthn:extension:largeBlob: true, webauthn:virtualAuthenticators: true}
Element: [[ChromeDriver: chrome on MAC (9490228672b08939f2d7d4c1f43e1e53)] -> xpath: //ul/li/a[text()='Register']]
Element is not able to click now (WaitForElementToBeClickeable Method) [[ChromeDriver: chrome on MAC (9490228672b08939f2d7d4c1f43e1e53)] -> css selector: input[type='submit'][value='Continue']]org.openqa.selenium.NoSuchSessionException: Session ID is null. Using WebDriver after calling quit()?
Build info: version: '4.1.2', revision: '9a5a329c5a'
System info: host: 'Bryans-MacBook-Pro.local', ip: 'fe80:0:0:0:1cb6:72da:17ed:c073%en0', os.name: 'Mac OS X', os.arch: 'x86_64', os.version: '12.2.1', java.version: '17.0.1'
Driver info: org.openqa.selenium.chrome.ChromeDriver
Command: [null, isElementDisplayed {id=a7c88bd6-e10d-451c-915a-20a4b0c9d03a}]
Capabilities {acceptInsecureCerts: false, browserName: chrome, browserVersion: 99.0.4844.83, chrome: {chromedriverVersion: 99.0.4844.51 (d537ec02474b5..., userDataDir: /var/folders/r1/d39krdpx5sx...}, goog:chromeOptions: {debuggerAddress: localhost:52100}, javascriptEnabled: true, networkConnectionEnabled: false, pageLoadStrategy: normal, platform: MAC, platformName: MAC, proxy: Proxy(), se:cdp: ws://localhost:52100/devtoo..., se:cdpVersion: 99.0.4844.83, setWindowRect: true, strictFileInteractability: false, timeouts: {implicit: 0, pageLoad: 300000, script: 30000}, unhandledPromptBehavior: dismiss and notify, webauthn:extension:credBlob: true, webauthn:extension:largeBlob: true, webauthn:virtualAuthenticators: true}
Element: [[ChromeDriver: chrome on MAC (9490228672b08939f2d7d4c1f43e1e53)] -> css selector: input[type='submit'][value='Continue']]
]]></system-out>
    <system-err><![CDATA[[main] INFO io.github.bonigarcia.wdm.WebDriverManager - Using chromedriver 99.0.4844.51 (resolved driver for Chrome 99)
[main] INFO io.github.bonigarcia.wdm.WebDriverManager - Exporting webdriver.chrome.driver as /Users/bryanguzman/.cache/selenium/chromedriver/mac64/99.0.4844.51/chromedriver
[main] INFO io.github.bonigarcia.wdm.WebDriverManager - Using geckodriver 0.30.0 (resolved driver for Firefox 98)
[main] INFO io.github.bonigarcia.wdm.WebDriverManager - Exporting webdriver.gecko.driver as /Users/bryanguzman/.cache/selenium/geckodriver/mac64/0.30.0/geckodriver
Starting ChromeDriver 99.0.4844.51 (d537ec02474b5afe23684e7963d538896c63ac77-refs/branch-heads/4844@{#875}) on port 61839
Only local connections are allowed.
Please see https://chromedriver.chromium.org/security-considerations for suggestions on keeping ChromeDriver safe.
ChromeDriver was started successfully.
mar. 20, 2022 11:48:11 P.?M. org.openqa.selenium.remote.ProtocolHandshake createSession
INFORMACI?N: Detected dialect: W3C
mar. 20, 2022 11:48:11 P.?M. org.openqa.selenium.devtools.CdpVersionFinder findNearestMatch
ADVERTENCIA: Unable to find an exact match for CDP version 99, so returning the closest version found: 97
mar. 20, 2022 11:48:11 P.?M. org.openqa.selenium.devtools.CdpVersionFinder findNearestMatch
INFORMACI?N: Found CDP implementation for version 99 of 97
Hover on element failed.
]]></system-err>
  </testcase>
</testsuite>